<?xml version="1.0" encoding="UTF-8"?>
<testng-results skipped="0" failed="0" total="1" passed="1">
  <reporter-output>
  </reporter-output>
  <suite name="Default suite" duration-ms="21793" started-at="2016-07-25T01:17:01Z" finished-at="2016-07-25T01:17:23Z">
    <groups>
    </groups>
    <test name="Default test" duration-ms="21793" started-at="2016-07-25T01:17:01Z" finished-at="2016-07-25T01:17:23Z">
      <class name="com.disney.testscript.BuyingdomainAndCheckout">
        <test-method status="PASS" signature="Search(java.lang.String, java.lang.String)[pri:0, instance:com.disney.testscript.BuyingdomainAndCheckout@59494225]" name="Search" duration-ms="21071" started-at="2016-07-24T21:17:02Z" data-provider="passingdata" finished-at="2016-07-24T21:17:23Z">
          <params>
            <param index="0">
              <value>
                <![CDATA[manireddy.com]]>
              </value>
            </param>
            <param index="1">
              <value>
                <![CDATA[manireddy.com]]>
              </value>
            </param>
          </params>
          <reporter-output>
          </reporter-output>
        </test-method> <!-- Search -->
      </class> <!-- com.disney.testscript.BuyingdomainAndCheckout -->
    </test> <!-- Default test -->
  </suite> <!-- Default suite -->
</testng-results>
